[    5627ms] [ERROR] Failed to load resource: the server responded with a status of 500 (Internal Server Error) @ http://localhost:3000/:0
[    8740ms] [INFO] %cDownload the React DevTools for a better development experience: https://react.dev/link/react-devtools font-weight:bold @ http://localhost:3000/_next/static/chunks/node_modules_react-dom_0bruynb._.js:15305
[    8974ms] Error: Invalid supabaseUrl: Must be a valid HTTP or HTTPS URL.
    at validateSupabaseUrl (file://E:\cjl2211\daitem\daitem-produce-master\.next\dev\server\chunks\node_modules_0h3.2uj._.js:9245:51)
    at new SupabaseClient (file://E:\cjl2211\daitem\daitem-produce-master\.next\dev\server\chunks\node_modules_0h3.2uj._.js:9456:25)
    at createClient (file://E:\cjl2211\daitem\daitem-produce-master\.next\dev\server\chunks\node_modules_0h3.2uj._.js:9683:12)
    at createServerClient (file://E:\cjl2211\daitem\daitem-produce-master\.next\dev\server\chunks\node_modules_0h3.2uj._.js:10505:215)
    at updateSession (file://E:\cjl2211\daitem\daitem-produce-master\.next\dev\server\chunks\[root-of-the-server]__0v_rx49._.js:89:218)
    at proxy (file://E:\cjl2211\daitem\daitem-produce-master\.next\dev\server\chunks\[root-of-the-server]__0v_rx49._.js:136:191)
    at <unknown> (file://E:\cjl2211\daitem\daitem-produce-master\.next\dev\server\chunks\node_modules_next_061vc32._.js:19590:26)
    at AsyncLocalStorage.run (node:internal/async_local_storage/async_context_frame:63:14)
    at <unknown> (file://E:\cjl2211\daitem\daitem-produce-master\.next\dev\server\chunks\node_modules_next_061vc32._.js:7062:633)
    at AsyncLocalStorage.run (node:internal/async_local_storage/async_context_frame:63:14)
    at <unknown> (file://E:\cjl2211\daitem\daitem-produce-master\.next\dev\server\chunks\node_modules_next_061vc32._.js:7062:314)
    at async adapter (file://E:\cjl2211\daitem\daitem-produce-master\.next\dev\server\chunks\node_modules_next_061vc32._.js:7016:16)
    at async DevServer.runMiddleware (file://E:\cjl2211\daitem\daitem-produce-master\node_modules\next\dist\server\next-server.js:1192:26)
    at async DevServer.runMiddleware (file://E:\cjl2211\daitem\daitem-produce-master\node_modules\next\dist\server\dev\next-dev-server.js:278:28)
    at async NextNodeServer.handleCatchallMiddlewareRequest (file://E:\cjl2211\daitem\daitem-produce-master\node_modules\next\dist\server\next-server.js:392:26)
    at async DevServer.handleRequestImpl (file://E:\cjl2211\daitem\daitem-produce-master\node_modules\next\dist\server\base-server.js:941:28)
    at async (file://E:\cjl2211\daitem\daitem-produce-master\node_modules\next\dist\server\dev\next-dev-server.js:394:20)
    at async Span.traceAsyncFn (file://E:\cjl2211\daitem\daitem-produce-master\node_modules\next\dist\trace\trace.js:164:20)
    at async DevServer.handleRequest (file://E:\cjl2211\daitem\daitem-produce-master\node_modules\next\dist\server\dev\next-dev-server.js:390:24)
    at async handleRoute (file://E:\cjl2211\daitem\daitem-produce-master\node_modules\next\dist\server\lib\router-utils\resolve-routes.js:366:33)
    at async resolveRoutes (file://E:\cjl2211\daitem\daitem-produce-master\node_modules\next\dist\server\lib\router-utils\resolve-routes.js:622:28)
    at async handleRequest (file://E:\cjl2211\daitem\daitem-produce-master\node_modules\next\dist\server\lib\router-server.js:314:96)
    at async requestHandlerImpl (file://E:\cjl2211\daitem\daitem-produce-master\node_modules\next\dist\server\lib\router-server.js:514:13)
    at async Server.requestListener (file://E:\cjl2211\daitem\daitem-produce-master\node_modules\next\dist\server\lib\start-server.js:225:13)
[    8929ms] [LOG] [HMR] connected @ http://localhost:3000/_next/static/chunks/node_modules_next_dist_0u_w_5s._.js:1226
[   43296ms] [LOG] [Fast Refresh] rebuilding @ http://localhost:3000/_next/static/chunks/node_modules_next_dist_0u_w_5s._.js:1226
[   43307ms] [LOG] [Fast Refresh] done in 102ms @ http://localhost:3000/_next/static/chunks/node_modules_next_dist_0u_w_5s._.js:1226
[   43422ms] [LOG] [Fast Refresh] rebuilding @ http://localhost:3000/_next/static/chunks/node_modules_next_dist_0u_w_5s._.js:1226
[   43573ms] [LOG] [Fast Refresh] done in 264ms @ http://localhost:3000/_next/static/chunks/node_modules_next_dist_0u_w_5s._.js:1226
[   43900ms] [LOG] [Fast Refresh] rebuilding @ http://localhost:3000/_next/static/chunks/node_modules_next_dist_0u_w_5s._.js:1226
[   48992ms] [LOG] [Fast Refresh] done in 5196ms @ http://localhost:3000/_next/static/chunks/node_modules_next_dist_0u_w_5s._.js:1226
[   49320ms] [INFO] %cDownload the React DevTools for a better development experience: https://react.dev/link/react-devtools font-weight:bold @ http://localhost:3000/_next/static/chunks/node_modules_next_dist_115brz8._.js:2477
[   49502ms] [LOG] [HMR] connected @ http://localhost:3000/_next/static/chunks/node_modules_next_dist_115brz8._.js:2477
[   49700ms] [LOG] [Fast Refresh] rebuilding @ http://localhost:3000/_next/static/chunks/node_modules_next_dist_115brz8._.js:2477
[   49768ms] [LOG] [Fast Refresh] done in 170ms @ http://localhost:3000/_next/static/chunks/node_modules_next_dist_115brz8._.js:2477
